This is pdfTeX, Version 3.141592653-2.6-1.40.22 (TeX Live 2022/dev/Debian) (preloaded format=pdflatex 2023.8.22)  11 OCT 2023 00:25
entering extended mode
 restricted \write18 enabled.
 %&-line parsing enabled.
**main.tex
(./main.tex
LaTeX2e <2021-11-15> patch level 1
L3 programming layer <2022-01-21>
(/usr/share/texlive/texmf-dist/tex/latex/base/report.cls
Document Class: report 2021/10/04 v1.4n Standard LaTeX document class
(/usr/share/texlive/texmf-dist/tex/latex/base/size10.clo
File: size10.clo 2021/10/04 v1.4n Standard LaTeX file (size option)
)
\c@part=\count185
\c@chapter=\count186
\c@section=\count187
\c@subsection=\count188
\c@subsubsection=\count189
\c@paragraph=\count190
\c@subparagraph=\count191
\c@figure=\count192
\c@table=\count193
\abovecaptionskip=\skip47
\belowcaptionskip=\skip48
\bibindent=\dimen138
)
(/usr/share/texlive/texmf-dist/tex/latex/graphics/graphicx.sty
Package: graphicx 2021/09/16 v1.2d Enhanced LaTeX Graphics (DPC,SPQR)

(/usr/share/texlive/texmf-dist/tex/latex/graphics/keyval.sty
Package: keyval 2014/10/28 v1.15 key=value parser (DPC)
\KV@toks@=\toks16
)
(/usr/share/texlive/texmf-dist/tex/latex/graphics/graphics.sty
Package: graphics 2021/03/04 v1.4d Standard LaTeX Graphics (DPC,SPQR)

(/usr/share/texlive/texmf-dist/tex/latex/graphics/trig.sty
Package: trig 2021/08/11 v1.11 sin cos tan (DPC)
)
(/usr/share/texlive/texmf-dist/tex/latex/graphics-cfg/graphics.cfg
File: graphics.cfg 2016/06/04 v1.11 sample graphics configuration
)
Package graphics Info: Driver file: pdftex.def on input line 107.

(/usr/share/texlive/texmf-dist/tex/latex/graphics-def/pdftex.def
File: pdftex.def 2020/10/05 v1.2a Graphics/color driver for pdftex
))
\Gin@req@height=\dimen139
\Gin@req@width=\dimen140
)
(/usr/share/texlive/texmf-dist/tex/latex/fancyhdr/fancyhdr.sty
Package: fancyhdr 2021/01/28 v4.0.1 Extensive control of page headers and foote
rs
\f@nch@headwidth=\skip49
\f@nch@O@elh=\skip50
\f@nch@O@erh=\skip51
\f@nch@O@olh=\skip52
\f@nch@O@orh=\skip53
\f@nch@O@elf=\skip54
\f@nch@O@erf=\skip55
\f@nch@O@olf=\skip56
\f@nch@O@orf=\skip57
)
(/usr/share/texlive/texmf-dist/tex/latex/psnfss/times.sty
Package: times 2020/03/25 PSNFSS-v9.3 (SPQR) 
)
(/usr/share/texlive/texmf-dist/tex/latex/caption/caption.sty
Package: caption 2020/10/26 v3.5g Customizing captions (AR)

(/usr/share/texlive/texmf-dist/tex/latex/caption/caption3.sty
Package: caption3 2020/10/21 v2.2e caption3 kernel (AR)
\captionmargin=\dimen141
\captionmargin@=\dimen142
\captionwidth=\dimen143
\caption@tempdima=\dimen144
\caption@indent=\dimen145
\caption@parindent=\dimen146
\caption@hangindent=\dimen147
Package caption Info: Standard document class detected.
)
\c@caption@flags=\count194
\c@continuedfloat=\count195
)
(/usr/share/texlive/texmf-dist/tex/latex/ragged2e/ragged2e.sty
Package: ragged2e 2021/12/15 v3.1 ragged2e Package
\CenteringLeftskip=\skip58
\RaggedLeftLeftskip=\skip59
\RaggedRightLeftskip=\skip60
\CenteringRightskip=\skip61
\RaggedLeftRightskip=\skip62
\RaggedRightRightskip=\skip63
\CenteringParfillskip=\skip64
\RaggedLeftParfillskip=\skip65
\RaggedRightParfillskip=\skip66
\JustifyingParfillskip=\skip67
\CenteringParindent=\skip68
\RaggedLeftParindent=\skip69
\RaggedRightParindent=\skip70
\JustifyingParindent=\skip71
)
(/usr/share/texlive/texmf-dist/tex/latex/geometry/geometry.sty
Package: geometry 2020/01/02 v5.9 Page Geometry

(/usr/share/texlive/texmf-dist/tex/generic/iftex/ifvtex.sty
Package: ifvtex 2019/10/25 v1.7 ifvtex legacy package. Use iftex instead.

(/usr/share/texlive/texmf-dist/tex/generic/iftex/iftex.sty
Package: iftex 2020/03/06 v1.0d TeX engine tests
))
\Gm@cnth=\count196
\Gm@cntv=\count197
\c@Gm@tempcnt=\count198
\Gm@bindingoffset=\dimen148
\Gm@wd@mp=\dimen149
\Gm@odd@mp=\dimen150
\Gm@even@mp=\dimen151
\Gm@layoutwidth=\dimen152
\Gm@layoutheight=\dimen153
\Gm@layouthoffset=\dimen154
\Gm@layoutvoffset=\dimen155
\Gm@dimlist=\toks17
)
(/usr/share/texlive/texmf-dist/tex/latex/enumitem/enumitem.sty
Package: enumitem 2019/06/20 v3.9 Customized lists
\labelindent=\skip72
\enit@outerparindent=\dimen156
\enit@toks=\toks18
\enit@inbox=\box50
\enit@count@id=\count199
\enitdp@description=\count266
)
(/usr/share/texlive/texmf-dist/tex/latex/subfiles/subfiles.sty
Package: subfiles 2020/11/14 v2.2 Multi-file projects (package)

(/usr/share/texlive/texmf-dist/tex/latex/import/import.sty
Package: import 2020/04/01  v 6.2
))
(/usr/share/texlive/texmf-dist/tex/latex/titlesec/titlesec.sty
Package: titlesec 2021/07/05 v2.14 Sectioning titles
\ttl@box=\box51
\beforetitleunit=\skip73
\aftertitleunit=\skip74
\ttl@plus=\dimen157
\ttl@minus=\dimen158
\ttl@toksa=\toks19
\titlewidth=\dimen159
\titlewidthlast=\dimen160
\titlewidthfirst=\dimen161
)
(/usr/share/texlive/texmf-dist/tex/latex/titlesec/titletoc.sty
Package: titletoc 2021/07/05 v2.14 TOC entries
\ttl@leftsep=\dimen162
)
(/usr/share/texlive/texmf-dist/tex/latex/tools/indentfirst.sty
Package: indentfirst 1995/11/23 v1.03 Indent first paragraph (DPC)
)
(/usr/share/texlive/texmf-dist/tex/latex/setspace/setspace.sty
Package: setspace 2011/12/19 v6.7a set line spacing
)
(/usr/share/texlive/texmf-dist/tex/latex/float/float.sty
Package: float 2001/11/08 v1.3d Float enhancements (AL)
\c@float@type=\count267
\float@exts=\toks20
\float@box=\box52
\@float@everytoks=\toks21
\@floatcapt=\box53
)
(/usr/share/texlive/texmf-dist/tex/latex/dirtytalk/dirtytalk.sty
Package: dirtytalk 2010/11/21 A package making "quoting" easier

(/usr/share/texlive/texmf-dist/tex/latex/kvoptions/kvoptions.sty
Package: kvoptions 2020-10-07 v3.14 Key value format for package options (HO)

(/usr/share/texlive/texmf-dist/tex/generic/ltxcmds/ltxcmds.sty
Package: ltxcmds 2020-05-10 v1.25 LaTeX kernel commands for general use (HO)
)
(/usr/share/texlive/texmf-dist/tex/generic/kvsetkeys/kvsetkeys.sty
Package: kvsetkeys 2019/12/15 v1.18 Key value parser (HO)
))
(/usr/share/texlive/texmf-dist/tex/latex/base/ifthen.sty
Package: ifthen 2020/11/24 v1.1c Standard LaTeX ifthen package (DPC)
)
\c@dirtytalk@qdepth=\count268
)
(/usr/share/texlive/texmf-dist/tex/latex/tools/tabularx.sty
Package: tabularx 2020/01/15 v2.11c `tabularx' package (DPC)

(/usr/share/texlive/texmf-dist/tex/latex/tools/array.sty
Package: array 2021/10/04 v2.5f Tabular extension package (FMi)
\col@sep=\dimen163
\ar@mcellbox=\box54
\extrarowheight=\dimen164
\NC@list=\toks22
\extratabsurround=\skip75
\backup@length=\skip76
\ar@cellbox=\box55
)
\TX@col@width=\dimen165
\TX@old@table=\dimen166
\TX@old@col=\dimen167
\TX@target=\dimen168
\TX@delta=\dimen169
\TX@cols=\count269
\TX@ftn=\toks23
)

Package fancyhdr Warning: \fancyhead's `E' option without twoside option is use
less on input line 37.


Package fancyhdr Warning: \fancyfoot's `E' option without twoside option is use
less on input line 39.

LaTeX Font Info:    Trying to load font information for OT1+ptm on input line 7
4.
(/usr/share/texlive/texmf-dist/tex/latex/psnfss/ot1ptm.fd
File: ot1ptm.fd 2001/06/04 font definitions for OT1/ptm.
)
(/usr/share/texlive/texmf-dist/tex/latex/l3backend/l3backend-pdftex.def
File: l3backend-pdftex.def 2022-01-12 L3 backend support: PDF output (pdfTeX)
\l__color_backend_stack_int=\count270
\l__pdf_internal_box=\box56
)
(./main.aux (./page-de-garde.aux) (./chapitres/epigraphe.aux)
(./chapitres/dedicace.aux) (./chapitres/remerciement.aux)
(./chapitres/acronyme.aux) (./chapitres/avant-propos.aux)
(./chapitres/introduction.aux) (./chapitres/chap1.aux) (./chapitres/chap2.aux)
(./chapitres/chap3.aux) (./chapitres/conclusion.aux))
\openout1 = `main.aux'.

LaTeX Font Info:    Checking defaults for OML/cmm/m/it on input line 74.
LaTeX Font Info:    ... okay on input line 74.
LaTeX Font Info:    Checking defaults for OMS/cmsy/m/n on input line 74.
LaTeX Font Info:    ... okay on input line 74.
LaTeX Font Info:    Checking defaults for OT1/cmr/m/n on input line 74.
LaTeX Font Info:    ... okay on input line 74.
LaTeX Font Info:    Checking defaults for T1/cmr/m/n on input line 74.
LaTeX Font Info:    ... okay on input line 74.
LaTeX Font Info:    Checking defaults for TS1/cmr/m/n on input line 74.
LaTeX Font Info:    ... okay on input line 74.
LaTeX Font Info:    Checking defaults for OMX/cmex/m/n on input line 74.
LaTeX Font Info:    ... okay on input line 74.
LaTeX Font Info:    Checking defaults for U/cmr/m/n on input line 74.
LaTeX Font Info:    ... okay on input line 74.

(/usr/share/texlive/texmf-dist/tex/context/base/mkii/supp-pdf.mkii
[Loading MPS to PDF converter (version 2006.09.02).]
\scratchcounter=\count271
\scratchdimen=\dimen170
\scratchbox=\box57
\nofMPsegments=\count272
\nofMParguments=\count273
\everyMPshowfont=\toks24
\MPscratchCnt=\count274
\MPscratchDim=\dimen171
\MPnumerator=\count275
\makeMPintoPDFobject=\count276
\everyMPtoPDFconversion=\toks25
) (/usr/share/texlive/texmf-dist/tex/latex/epstopdf-pkg/epstopdf-base.sty
Package: epstopdf-base 2020-01-24 v2.11 Base part for package epstopdf
Package epstopdf-base Info: Redefining graphics rule for `.eps' on input line 4
85.

(/usr/share/texlive/texmf-dist/tex/latex/latexconfig/epstopdf-sys.cfg
File: epstopdf-sys.cfg 2010/07/13 v1.3 Configuration of (r)epstopdf for TeX Liv
e
))
Package caption Info: Begin \AtBeginDocument code.
Package caption Info: float package is loaded.
Package caption Info: End \AtBeginDocument code.

*geometry* driver: auto-detecting
*geometry* detected driver: pdftex
*geometry* verbose mode - [ preamble ] result:
* driver: pdftex
* paper: a4paper
* layout: <same size as paper>
* layoutoffset:(h,v)=(0.0pt,0.0pt)
* modes: 
* h-part:(L,W,R)=(99.58464pt, 426.79135pt, 71.13188pt)
* v-part:(T,H,B)=(99.58464pt, 674.33032pt, 71.13188pt)
* \paperwidth=597.50787pt
* \paperheight=845.04684pt
* \textwidth=426.79135pt
* \textheight=674.33032pt
* \oddsidemargin=27.31465pt
* \evensidemargin=27.31465pt
* \topmargin=-9.68535pt
* \headheight=12.0pt
* \headsep=25.0pt
* \topskip=10.0pt
* \footskip=30.0pt
* \marginparwidth=65.0pt
* \marginparsep=11.0pt
* \columnsep=10.0pt
* \skip\footins=9.0pt plus 4.0pt minus 2.0pt
* \hoffset=0.0pt
* \voffset=0.0pt
* \mag=1000
* \@twocolumnfalse
* \@twosidefalse
* \@mparswitchfalse
* \@reversemarginfalse
* (1in=72.27pt=25.4mm, 1cm=28.453pt)

\openout2 = `./page-de-garde.aux'.

(./page-de-garde.tex
<./images//esis_logo.png, id=1, 282.05376pt x 418.56375pt>
File: ./images//esis_logo.png Graphic file (type png)
<use ./images//esis_logo.png>
Package pdftex.def Info: ./images//esis_logo.png  used on input line 17.
(pdftex.def)             Requested size: 92.50562pt x 136.58725pt.

Underfull \hbox (badness 3189) in paragraph at lines 31--32
[]\OT1/ptm/m/it/12 Travail pr[]esent[]e et d[]efendu en vue de
 []


Underfull \hbox (badness 10000) in paragraph at lines 31--32

 []

LaTeX Font Info:    External font `cmex10' loaded for size
(Font)              <14.4> on input line 36.
LaTeX Font Info:    External font `cmex10' loaded for size
(Font)              <7> on input line 36.
[1


{/var/lib/texmf/fonts/map/pdftex/updmap/pdftex.map} <./images//esis_logo.png>]
File: ./images//esis_logo.png Graphic file (type png)
<use ./images//esis_logo.png>
Package pdftex.def Info: ./images//esis_logo.png  used on input line 60.
(pdftex.def)             Requested size: 92.50562pt x 136.58725pt.

Underfull \hbox (badness 3189) in paragraph at lines 74--75
[]\OT1/ptm/m/it/12 Travail pr[]esent[]e et d[]efendu en vue de
 []


Underfull \hbox (badness 10000) in paragraph at lines 74--75

 []


Underfull \hbox (badness 10000) in paragraph at lines 78--79

 []

[1])
\openout2 = `./chapitres/epigraphe.aux'.

 (./chapitres/epigraphe.tex) [1




]
\openout2 = `./chapitres/dedicace.aux'.

 (./chapitres/dedicace.tex) [2




]
\openout2 = `./chapitres/remerciement.aux'.


(./chapitres/remerciement.tex
Underfull \hbox (badness 10000) in paragraph at lines 3--4

 []


Underfull \hbox (badness 10000) in paragraph at lines 5--6

 []


Underfull \hbox (badness 10000) in paragraph at lines 9--10

 []


Underfull \hbox (badness 10000) in paragraph at lines 11--12

 []


Overfull \hbox (3.58348pt too wide) in paragraph at lines 13--14
\OT1/ptm/m/n/12 des mo-ments de joie et de sac-ri-fice con-sid[]erables, men-ti
on sp[]eciale []a CHIBUMBU IRUNG
 []


Underfull \hbox (badness 10000) in paragraph at lines 13--14

 []


Underfull \hbox (badness 10000) in paragraph at lines 15--16

 []


Underfull \hbox (badness 10000) in paragraph at lines 17--18

 []

[3




]) [4] (./main.lof
LaTeX Font Info:    External font `cmex10' loaded for size
(Font)              <12> on input line 2.
LaTeX Font Info:    External font `cmex10' loaded for size
(Font)              <8> on input line 2.
LaTeX Font Info:    External font `cmex10' loaded for size
(Font)              <6> on input line 2.
 [5



])
\tf@lof=\write3
\openout3 = `main.lof'.

 [6] (./main.lot)
\tf@lot=\write4
\openout4 = `main.lot'.

 [7

]
\openout2 = `./chapitres/acronyme.aux'.

 (./chapitres/acronyme.tex)
[8


] (./main.toc [9



] [10])
\tf@toc=\write5
\openout5 = `main.toc'.

 [11]
\openout2 = `./chapitres/avant-propos.aux'.

 (./chapitres/avant-propos.tex
Underfull \hbox (badness 10000) in paragraph at lines 3--4

 []


Underfull \hbox (badness 10000) in paragraph at lines 5--6

 []


Underfull \hbox (badness 10000) in paragraph at lines 8--9

 []


Underfull \hbox (badness 10000) in paragraph at lines 10--11

 []

) [12


]
\openout2 = `./chapitres/introduction.aux'.

 (./chapitres/introduction.tex
Underfull \hbox (badness 10000) in paragraph at lines 6--7

 []

LaTeX Font Info:    External font `cmex10' loaded for size
(Font)              <5> on input line 13.

Underfull \hbox (badness 10000) in paragraph at lines 13--13
[][]\OT1/ptm/m/n/8 https://www.radiookapi.net/2023/05/19/actualite/securite/lub
umbashi-la-commission-justice-et-paix-de-leglise-catholique-
 []


Overfull \hbox (4.55658pt too wide) in paragraph at lines 13--14
[]\OT1/ptm/m/n/12 La ville de Lubum-bashi fait face []a une sit-u-a-tion s[]ecu
ritaire de plus en plus pr[]eoccupante,
 []


Underfull \hbox (badness 10000) in paragraph at lines 13--14

 []

LaTeX Font Info:    Trying to load font information for TS1+ptm on input line 1
9.
(/usr/share/texlive/texmf-dist/tex/latex/psnfss/ts1ptm.fd
File: ts1ptm.fd 2001/06/04 font definitions for TS1/ptm.
) [1




]
Overfull \hbox (6.27217pt too wide) in paragraph at lines 49--50
\OT1/ptm/m/n/12 l'obtention du dipl[]ome n'est pas le seul ob-jec-tif de ce tra
-vail, car nous souhaitons []egalement
 []

[2]
Overfull \hbox (32.29169pt too wide) in paragraph at lines 61--62
[][]\OT1/ptm/m/n/12 Etude busi-ness (ou anal-yse fonc-tion-nelle) : Cette []eta
pe sert []a la d[]efinition des sp[]ecifications,
 []


Overfull \hbox (17.24115pt too wide) in paragraph at lines 68--69
[]\OT1/ptm/m/n/12 Pour pou-voir com-pren-dre le fonc-tion-nement du syst[]eme q
ue nous souhaitons impl[]ementer,
 []


Overfull \hbox (13.00867pt too wide) in paragraph at lines 73--74
[]\OT1/ptm/m/n/12 etudes acad[]emiques, des rap-ports gou-verne-men-taux, des m
anuels de s[]ecurit[]e et d'autres
 []

[3]
Underfull \hbox (badness 10000) in paragraph at lines 81--82

 []


Underfull \hbox (badness 10000) in paragraph at lines 83--84

 []


Underfull \hbox (badness 10000) in paragraph at lines 85--86

 []


Underfull \hbox (badness 10000) in paragraph at lines 87--88

 []

[4]) [5]
\openout2 = `./chapitres/chap1.aux'.

 (./chapitres/chap1.tex
Chapter 1.

Underfull \hbox (badness 10000) in paragraph at lines 13--14

 []


Underfull \hbox (badness 10000) in paragraph at lines 15--16

 []

[6




]
<./images//carteloran.png, id=73, 513.92pt x 337.26pt>
File: ./images//carteloran.png Graphic file (type png)
<use ./images//carteloran.png>
Package pdftex.def Info: ./images//carteloran.png  used on input line 19.
(pdftex.def)             Requested size: 426.79135pt x 280.08525pt.

Underfull \hbox (badness 10000) in paragraph at lines 23--24

 []


Underfull \hbox (badness 10000) in paragraph at lines 28--29

 []

[7 <./images//carteloran.png>]
Overfull \hbox (2.56842pt too wide) in paragraph at lines 33--34
[]\OT1/ptm/m/n/12 Le diff[]erentiel temps dit EOTD (En-hanced Ob-served Time Di
f-fer-ence) : Le t[]el[]ephone
 []

[8]
Underfull \hbox (badness 10000) in paragraph at lines 49--50

 []


Underfull \hbox (badness 10000) in paragraph at lines 59--60

 []

[9]
Underfull \hbox (badness 10000) in paragraph at lines 61--62

 []


Underfull \hbox (badness 10000) in paragraph at lines 66--67

 []


Underfull \hbox (badness 10000) in paragraph at lines 71--72

 []

[10]
Underfull \hbox (badness 10000) in paragraph at lines 80--81

 []


Overfull \hbox (20.26387pt too wide) in paragraph at lines 82--83
[]\OT1/ptm/m/n/12 Les satel-lites en-voient des sig-naux ra-dio []a faible puis
-sance et sur des fr[]equences diff[]erentes.
 []

[11]
<./images//trilateration1d.png, id=90, 513.92pt x 107.40125pt>
File: ./images//trilateration1d.png Graphic file (type png)
<use ./images//trilateration1d.png>
Package pdftex.def Info: ./images//trilateration1d.png  used on input line 102.

(pdftex.def)             Requested size: 426.79135pt x 89.1938pt.

Underfull \hbox (badness 10000) in paragraph at lines 106--107

 []

[12 <./images//trilateration1d.png>]
<./images//gps2d.png, id=95, 489.83pt x 513.92pt>
File: ./images//gps2d.png Graphic file (type png)
<use ./images//gps2d.png>
Package pdftex.def Info: ./images//gps2d.png  used on input line 112.
(pdftex.def)             Requested size: 323.77461pt x 340.39587pt.
<./images//icegeoalert.jpg, id=96, 513.92pt x 456.70625pt>
File: ./images//icegeoalert.jpg Graphic file (type jpg)
<use ./images//icegeoalert.jpg>
Package pdftex.def Info: ./images//icegeoalert.jpg  used on input line 125.
(pdftex.def)             Requested size: 426.79135pt x 379.28212pt.
 [13 <./images//gps2d.png>] [14 <./images//icegeoalert.jpg>]
<./images//sorority.jpg, id=104, 235.88126pt x 499.8675pt>
File: ./images//sorority.jpg Graphic file (type jpg)
<use ./images//sorority.jpg>
Package pdftex.def Info: ./images//sorority.jpg  used on input line 151.
(pdftex.def)             Requested size: 235.88068pt x 499.86627pt.
 [15] [16 <./images//sorority.jpg>]
Overfull \hbox (5.23932pt too wide) in paragraph at lines 159--160
[]\OT1/ptm/m/n/12 Gr[]ace []a la g[]eolocalisation, les cin-quante util-isa-teu
rs les plus proches sont aussi alert[]es...
 []


Overfull \hbox (1.15662pt too wide) in paragraph at lines 173--174
[]\OT1/ptm/m/n/12 D[]ependance de la par-tic-i-pa-tion volon-taire des util-isa
-teurs, ce qui pour-rait r[]eduire
 []

[17]) [18]
\openout2 = `./chapitres/chap2.aux'.

 (./chapitres/chap2.tex
Chapter 2.

Overfull \hbox (14.07312pt too wide) in paragraph at lines 13--15
[]\OT1/ptm/m/n/12 La m[]ethode DSDM, en-core ap-pel[]ee M[]ethode de d[]evelopp
ement de syst[]emes dy-namiques,
 []

<./images//dsdm.png, id=118, 513.92pt x 350.30875pt>
File: ./images//dsdm.png Graphic file (type png)
<use ./images//dsdm.png>
Package pdftex.def Info: ./images//dsdm.png  used on input line 17.
(pdftex.def)             Requested size: 426.79135pt x 290.92189pt.
[19




]
Overfull \hbox (1.8117pt too wide) in paragraph at lines 28--29
[]\OT1/ptm/m/n/12 Identifier les cat[]egories d'utilisateurs im-pact[]es par le
 d[]eveloppement et l'introduction
 []

[20 <./images//dsdm.png>] [21]
<./images//usecase.png, id=128, 828.09375pt x 424.58624pt>
File: ./images//usecase.png Graphic file (type png)
<use ./images//usecase.png>
Package pdftex.def Info: ./images//usecase.png  used on input line 83.
(pdftex.def)             Requested size: 426.79135pt x 218.82956pt.
 [22] [23 <./images//usecase.png (PNG copy)>]
<./images//s_authentifier.png, id=136, 442.65375pt x 576.1525pt>
File: ./images//s_authentifier.png Graphic file (type png)
<use ./images//s_authentifier.png>
Package pdftex.def Info: ./images//s_authentifier.png  used on input line 169.
(pdftex.def)             Requested size: 426.79135pt x 555.53531pt.

[24]
<./images//consulter_contacts.png, id=140, 309.155pt x 284.06125pt>
File: ./images//consulter_contacts.png Graphic file (type png)
<use ./images//consulter_contacts.png>
Package pdftex.def Info: ./images//consulter_contacts.png  used on input line 1
75.
(pdftex.def)             Requested size: 309.15424pt x 284.06053pt.
 [25 <./images//s_authentifier.png (PNG copy)>]
<./images//ajouter_contact.png, id=144, 515.9275pt x 502.87875pt>
File: ./images//ajouter_contact.png Graphic file (type png)
<use ./images//ajouter_contact.png>
Package pdftex.def Info: ./images//ajouter_contact.png  used on input line 181.

(pdftex.def)             Requested size: 426.79135pt x 416.00806pt.
 [26 <./images//consulter_contacts.png (PNG copy)>]
<./images//supprimer_contact.png, id=148, 368.37625pt x 446.66875pt>
File: ./images//supprimer_contact.png Graphic file (type png)
<use ./images//supprimer_contact.png>
Package pdftex.def Info: ./images//supprimer_contact.png  used on input line 18
7.
(pdftex.def)             Requested size: 368.37534pt x 446.66765pt.
 [27 <./images//ajouter_contact.png (PNG copy)>]
<./images//modifier_contact.png, id=152, 482.80376pt x 576.1525pt>
File: ./images//modifier_contact.png Graphic file (type png)
<use ./images//modifier_contact.png>
Package pdftex.def Info: ./images//modifier_contact.png  used on input line 193
.
(pdftex.def)             Requested size: 426.79135pt x 509.32788pt.

[28 <./images//supprimer_contact.png (PNG copy)>]
<./images//activer_tracking.png, id=156, 226.8475pt x 284.06125pt>
File: ./images//activer_tracking.png Graphic file (type png)
<use ./images//activer_tracking.png>
Package pdftex.def Info: ./images//activer_tracking.png  used on input line 199
.
(pdftex.def)             Requested size: 226.84694pt x 284.06053pt.
 [29 <./images//modifier_contact.png (PNG copy)>]
<./images//desactiver_tracking.png, id=161, 250.9375pt x 284.06125pt>
File: ./images//desactiver_tracking.png Graphic file (type png)
<use ./images//desactiver_tracking.png>
Package pdftex.def Info: ./images//desactiver_tracking.png  used on input line 
205.
(pdftex.def)             Requested size: 250.93687pt x 284.06053pt.
 [30 <./images//activer_tracking.png (PNG copy)>]
<./images//envoyer_alerte.png, id=165, 658.46pt x 601.24625pt>
File: ./images//envoyer_alerte.png Graphic file (type png)
<use ./images//envoyer_alerte.png>
Package pdftex.def Info: ./images//envoyer_alerte.png  used on input line 211.
(pdftex.def)             Requested size: 426.79135pt x 389.71368pt.
 [31 <./images//desactiver_tracking.png (PNG copy)>]
<./images//consulter_alertes.png, id=169, 333.245pt x 284.06125pt>
File: ./images//consulter_alertes.png Graphic file (type png)
<use ./images//consulter_alertes.png>
Package pdftex.def Info: ./images//consulter_alertes.png  used on input line 21
7.
(pdftex.def)             Requested size: 333.24417pt x 284.06053pt.
 [32 <./images//envoyer_alerte.png (PNG copy)>]
<./images//voir_details_alerte.png, id=173, 402.50375pt x 284.06125pt>
File: ./images//voir_details_alerte.png Graphic file (type png)
<use ./images//voir_details_alerte.png>
Package pdftex.def Info: ./images//voir_details_alerte.png  used on input line 
223.
(pdftex.def)             Requested size: 402.50276pt x 284.06053pt.
 [33 <./images//consulter_alertes.png (PNG copy)>]
<./images//activity_user.png, id=177, 513.92pt x 479.7925pt>
File: ./images//activity_user.png Graphic file (type png)
<use ./images//activity_user.png>
Package pdftex.def Info: ./images//activity_user.png  used on input line 232.
(pdftex.def)             Requested size: 426.79135pt x 398.4546pt.
 [34 <./images//voir_details_alerte.png (PNG copy)>]
<./images//activity_admin.png, id=181, 162.6075pt x 513.92pt>
File: ./images//activity_admin.png Graphic file (type png)
<use ./images//activity_admin.png>
Package pdftex.def Info: ./images//activity_admin.png  used on input line 238.
(pdftex.def)             Requested size: 162.6071pt x 513.91873pt.
 [35 <./images//activity_user.png>]
<./images//domain.png, id=187, 513.92pt x 386.44376pt>
File: ./images//domain.png Graphic file (type png)
<use ./images//domain.png>
Package pdftex.def Info: ./images//domain.png  used on input line 244.
(pdftex.def)             Requested size: 426.79135pt x 320.93103pt.
 [36 <./images//activity_admin.png>]
Overfull \hbox (39.7633pt too wide) in paragraph at lines 249--250
[]\OT1/ptm/m/n/12 La mod[]elisation de la base de donn[]ees NoSQL con-stitue un
e []etape cru-ciale de l'impl[]ementation
 []


Underfull \hbox (badness 10000) in paragraph at lines 249--250

 []

[37 <./images//domain.png>]
<./images//doc_user.png, id=197, 306.14375pt x 476.78125pt>
File: ./images//doc_user.png Graphic file (type png)
<use ./images//doc_user.png>
Package pdftex.def Info: ./images//doc_user.png  used on input line 264.
(pdftex.def)             Requested size: 161.16231pt x 250.13202pt.
<./images//doc_alert.png, id=198, 369.38pt x 544.0325pt>
File: ./images//doc_alert.png Graphic file (type png)
<use ./images//doc_alert.png>
Package pdftex.def Info: ./images//doc_alert.png  used on input line 270.
(pdftex.def)             Requested size: 161.15808pt x 250.13347pt.
 [38 <./images//doc_user.png>]) [39 <./images//doc_alert.png>]
\openout2 = `./chapitres/chap3.aux'.

 (./chapitres/chap3.tex
Chapter 3.

Overfull \hbox (2.86406pt too wide) in paragraph at lines 18--19
[]\OT1/ptm/m/n/12 Cette con-cep-tion dis-tribu[]ee per-met une plus grande r[]e
activit[]e de l'application, r[]eduisant
 []

<./images//architecture.png, id=207, 513.92pt x 237.88875pt>
File: ./images//architecture.png Graphic file (type png)
<use ./images//architecture.png>
Package pdftex.def Info: ./images//architecture.png  used on input line 22.
(pdftex.def)             Requested size: 426.79135pt x 197.56012pt.
[40




]
Overfull \hbox (2.39714pt too wide) in paragraph at lines 32--33
[]\OT1/ptm/m/n/12 TensorFlow Lite est une ver-sion l[]eg[]ere du frame-work Ten
-sor-Flow, sp[]ecialement con[]ue
 []

[41 <./images//architecture.png>]
Overfull \hbox (30.75137pt too wide) in paragraph at lines 41--42
\OT1/ptm/m/n/12 et des out-ils d'analyse avanc[]es. Elle sim-pli-fie con-sid[]e
rablement le d[]eveloppement d'applications
 []


Overfull \hbox (5.8416pt too wide) in paragraph at lines 44--45
[]\OT1/ptm/m/n/12 Angular est un frame-work de d[]eveloppement d'applications w
eb open-source d[]evelopp[]e
 []


Overfull \hbox (4.4127pt too wide) in paragraph at lines 44--45
\OT1/ptm/m/n/12 namiques. An-gu-lar est bas[]e sur le lan-gage Type-Script, une
 ver-sion am[]elior[]ee de JavaScript,
 []

<./images//deploiement.png, id=216, 269.005pt x 513.92pt>
File: ./images//deploiement.png Graphic file (type png)
<use ./images//deploiement.png>
Package pdftex.def Info: ./images//deploiement.png  used on input line 52.
(pdftex.def)             Requested size: 269.00433pt x 513.91873pt.
[42]
Underfull \hbox (badness 10000) in paragraph at lines 58--59

 []

[43 <./images//deploiement.png>]
Overfull \hbox (11.06046pt too wide) in paragraph at lines 66--67
\OT1/ptm/m/n/12 couru au com-posant d'application ap-pel[]e ser-vice. Un ser-vi
ce est un com-posant d'application
 []


Overfull \hbox (10.7607pt too wide) in paragraph at lines 66--67
\OT1/ptm/m/n/12 qui peut ef-fectuer des op[]erations de longue dur[]ee en arri[
]ere-plan. Il ne four-nit pas d'interface
 []

<./images//fonctionnement.png, id=224, 513.92pt x 295.1025pt>
File: ./images//fonctionnement.png Graphic file (type png)
<use ./images//fonctionnement.png>
Package pdftex.def Info: ./images//fonctionnement.png  used on input line 72.
(pdftex.def)             Requested size: 426.79135pt x 245.07458pt.
[44]
<./images//code_permission.png, id=228, 691.58376pt x 470.75874pt>
File: ./images//code_permission.png Graphic file (type png)
<use ./images//code_permission.png>
Package pdftex.def Info: ./images//code_permission.png  used on input line 78.
(pdftex.def)             Requested size: 426.79135pt x 290.51697pt.
<./images//code_location.png, id=229, 954.56625pt x 684.5575pt>
File: ./images//code_location.png Graphic file (type png)
<use ./images//code_location.png>
Package pdftex.def Info: ./images//code_location.png  used on input line 84.
(pdftex.def)             Requested size: 426.79135pt x 306.06337pt.
 [45 <./images//fonctionnement.png> <./images//code_permission.png>]
<./images//code_classification.png, id=235, 1109.14375pt x 870.25125pt>
File: ./images//code_classification.png Graphic file (type png)
<use ./images//code_classification.png>
Package pdftex.def Info: ./images//code_classification.png  used on input line 
90.
(pdftex.def)             Requested size: 426.79135pt x 334.8685pt.

[46 <./images//code_location.png>]
<./images//code_detection.png, id=240, 787.94376pt x 762.85pt>
File: ./images//code_detection.png Graphic file (type png)
<use ./images//code_detection.png>
Package pdftex.def Info: ./images//code_detection.png  used on input line 96.
(pdftex.def)             Requested size: 426.79135pt x 413.19pt.
 [47 <./images//code_classification.png>]
<./images//code_envoi_alerte.png, id=246, 985.6825pt x 769.87625pt>
File: ./images//code_envoi_alerte.png Graphic file (type png)
<use ./images//code_envoi_alerte.png>
Package pdftex.def Info: ./images//code_envoi_alerte.png  used on input line 10
2.
(pdftex.def)             Requested size: 426.79135pt x 333.35457pt.

[48 <./images//code_detection.png>]
<./images//phone.png, id=251, 1084.05pt x 2417.03pt>
File: ./images//phone.png Graphic file (type png)
<use ./images//phone.png>
Package pdftex.def Info: ./images//phone.png  used on input line 111.
(pdftex.def)             Requested size: 260.17244pt x 580.06218pt.
 [49 <./images//code_envoi_alerte.png>]
<./images//otp.png, id=256, 1084.05pt x 2417.03pt>
File: ./images//otp.png Graphic file (type png)
<use ./images//otp.png>
Package pdftex.def Info: ./images//otp.png  used on input line 117.
(pdftex.def)             Requested size: 260.17244pt x 580.06218pt.

[50 <./images//phone.png>]
<./images//profile.png, id=260, 1084.05pt x 2417.03pt>
File: ./images//profile.png Graphic file (type png)
<use ./images//profile.png>
Package pdftex.def Info: ./images//profile.png  used on input line 123.
(pdftex.def)             Requested size: 260.17244pt x 580.06218pt.
 [51 <./images//otp.png>]
<./images//home.png, id=264, 1084.05pt x 2417.03pt>
File: ./images//home.png Graphic file (type png)
<use ./images//home.png>
Package pdftex.def Info: ./images//home.png  used on input line 129.
(pdftex.def)             Requested size: 260.17244pt x 580.06218pt.
 [52 <./images//profile.png>]
<./images//add_contact.png, id=268, 1084.05pt x 2417.03pt>
File: ./images//add_contact.png Graphic file (type png)
<use ./images//add_contact.png>
Package pdftex.def Info: ./images//add_contact.png  used on input line 135.
(pdftex.def)             Requested size: 260.17244pt x 580.06218pt.
 [53 <./images//home.png>]
<./images//trackingenabled.png, id=273, 1084.05pt x 2417.03pt>
File: ./images//trackingenabled.png Graphic file (type png)
<use ./images//trackingenabled.png>
Package pdftex.def Info: ./images//trackingenabled.png  used on input line 141.

(pdftex.def)             Requested size: 260.17244pt x 580.06218pt.
 [54 <./images//add_contact.png>]
<./images//foreground.png, id=277, 1084.05pt x 2417.03pt>
File: ./images//foreground.png Graphic file (type png)
<use ./images//foreground.png>
Package pdftex.def Info: ./images//foreground.png  used on input line 147.
(pdftex.def)             Requested size: 260.17244pt x 580.06218pt.
 [55 <./images//trackingenabled.png>]
<./images//sendingalerts.png, id=281, 1084.05pt x 2417.03pt>
File: ./images//sendingalerts.png Graphic file (type png)
<use ./images//sendingalerts.png>
Package pdftex.def Info: ./images//sendingalerts.png  used on input line 153.
(pdftex.def)             Requested size: 260.17244pt x 580.06218pt.
 [56 <./images//foreground.png>]
<./images//sms.png, id=285, 1084.05pt x 2417.03pt>
File: ./images//sms.png Graphic file (type png)
<use ./images//sms.png>
Package pdftex.def Info: ./images//sms.png  used on input line 159.
(pdftex.def)             Requested size: 260.17244pt x 580.06218pt.
 [57 <./images//sendingalerts.png>]
<./images//admin_auth.png, id=289, 1927.2pt x 977.6525pt>
File: ./images//admin_auth.png Graphic file (type png)
<use ./images//admin_auth.png>
Package pdftex.def Info: ./images//admin_auth.png  used on input line 165.
(pdftex.def)             Requested size: 426.79135pt x 216.5014pt.
 [58 <./images//sms.png>]
<./images//admin_home.png, id=293, 1927.2pt x 977.6525pt>
File: ./images//admin_home.png Graphic file (type png)
<use ./images//admin_home.png>
Package pdftex.def Info: ./images//admin_home.png  used on input line 171.
(pdftex.def)             Requested size: 426.79135pt x 216.5014pt.
<./images//admin_details.png, id=294, 1927.2pt x 977.6525pt>
File: ./images//admin_details.png Graphic file (type png)
<use ./images//admin_details.png>
Package pdftex.def Info: ./images//admin_details.png  used on input line 177.
(pdftex.def)             Requested size: 426.79135pt x 216.5014pt.
 [59 <./images//admin_auth.png> <./images//admin_home.png>]
Underfull \hbox (badness 10000) in paragraph at lines 194--195

 []

[60 <./images//admin_details.png>]) [61]
\openout2 = `./chapitres/conclusion.aux'.

 (./chapitres/conclusion.tex
Underfull \hbox (badness 10000) in paragraph at lines 4--5

 []


Underfull \hbox (badness 10000) in paragraph at lines 6--7

 []

) [62




] (./main.aux (./page-de-garde.aux) (./chapitres/epigraphe.aux)
(./chapitres/dedicace.aux) (./chapitres/remerciement.aux)
(./chapitres/acronyme.aux) (./chapitres/avant-propos.aux)
(./chapitres/introduction.aux) (./chapitres/chap1.aux) (./chapitres/chap2.aux)
(./chapitres/chap3.aux) (./chapitres/conclusion.aux)) ) 
Here is how much of TeX's memory you used:
 5881 strings out of 480247
 112914 string characters out of 5896151
 392231 words of memory out of 5000000
 23669 multiletter control sequences out of 15000+600000
 486634 words of font info for 58 fonts, out of 8000000 for 9000
 14 hyphenation exceptions out of 8191
 55i,12n,63p,1290b,539s stack positions out of 5000i,500n,10000p,200000b,80000s
{/usr/share/texlive/texm
f-dist/fonts/enc/dvips/base/8r.enc}</usr/share/texlive/texmf-dist/fonts/type1/u
rw/times/utmb8a.pfb></usr/share/texlive/texmf-dist/fonts/type1/urw/times/utmbi8
a.pfb></usr/share/texlive/texmf-dist/fonts/type1/urw/times/utmr8a.pfb></usr/sha
re/texlive/texmf-dist/fonts/type1/urw/times/utmri8a.pfb>
Output written on main.pdf (76 pages, 2505988 bytes).
PDF statistics:
 334 PDF objects out of 1000 (max. 8388607)
 184 compressed objects within 2 object streams
 0 named destinations out of 1000 (max. 500000)
 216 words of extra memory for PDF output out of 10000 (max. 10000000)

